game_1: {
	 total_kills: 0
	 players: ["Isgalamido"]
	 kills: {
		"Isgalamido": 0
	}
}
game_2: {
	 total_kills: 11
	 players: ["Mocinha", "Dono da Bola", "Isgalamido"]
	 kills: {
		"Mocinha": 0,
		"Dono da Bola": 0,
		"Isgalamido": -5
	}
}
game_3: {
	 total_kills: 4
	 players: ["Zeh", "Mocinha", "Isgalamido", "Dono da Bola"]
	 kills: {
		"Zeh": -2,
		"Mocinha": 0,
		"Isgalamido": 1,
		"Dono da Bola": -1
	}
}
game_4: {
	 total_kills: 105
	 players: ["Zeh", "Isgalamido", "Dono da Bola", "Assasinu Credi"]
	 kills: {
		"Zeh": 20,
		"Isgalamido": 19,
		"Dono da Bola": 13,
		"Assasinu Credi": 13
	}
}
game_5: {
	 total_kills: 14
	 players: ["Zeh", "Isgalamido", "Dono da Bola", "Assasinu Credi"]
	 kills: {
		"Zeh": 1,
		"Isgalamido": 2,
		"Dono da Bola": 0,
		"Assasinu Credi": 1
	}
}
game_6: {
	 total_kills: 29
	 players: ["Mal", "UnnamedPlayer", "Zeh", "Fasano Again", "Maluquinho", "Dono da Bola", "Isgalamido", "Assasinu Credi", "Oootsimo"]
	 kills: {
		"Mal": 0,
		"UnnamedPlayer": 0,
		"Zeh": 7,
		"Fasano Again": 0,
		"Maluquinho": 0,
		"Dono da Bola": 2,
		"Isgalamido": 3,
		"Assasinu Credi": 1,
		"Oootsimo": 8
	}
}
game_7: {
	 total_kills: 130
	 players: ["Mal", "Zeh", "Dono da Bola", "Isgalamido", "Chessus", "Chessus!", "Assasinu Credi", "Oootsimo"]
	 kills: {
		"Mal": -3,
		"Zeh": 9,
		"Dono da Bola": 12,
		"Isgalamido": 16,
		"Chessus": 0,
		"Chessus!": 0,
		"Assasinu Credi": 22,
		"Oootsimo": 20
	}
}
game_8: {
	 total_kills: 89
	 players: ["Mal", "Zeh", "Dono da Bola", "Isgalamido", "Assasinu Credi", "Oootsimo"]
	 kills: {
		"Mal": -2,
		"Zeh": 12,
		"Dono da Bola": 3,
		"Isgalamido": 20,
		"Assasinu Credi": 10,
		"Oootsimo": 16
	}
}
game_9: {
	 total_kills: 67
	 players: ["Mal", "Zeh", "Dono da Bola", "Isgalamido", "Chessus", "Chessus!", "Assasinu Credi", "Oootsimo"]
	 kills: {
		"Mal": 3,
		"Zeh": 12,
		"Dono da Bola": 2,
		"Isgalamido": 1,
		"Chessus": 8,
		"Chessus!": 0,
		"Assasinu Credi": 10,
		"Oootsimo": 9
	}
}
game_10: {
	 total_kills: 60
	 players: ["Mal", "Zeh", "Isgalamido", "Dono da Bola", "Assasinu Credi", "Chessus", "Oootsimo"]
	 kills: {
		"Mal": 1,
		"Zeh": 7,
		"Isgalamido": 6,
		"Dono da Bola": 3,
		"Assasinu Credi": 3,
		"Chessus": 5,
		"Oootsimo": -1
	}
}
game_11: {
	 total_kills: 20
	 players: ["Mal", "UnnamedPlayer", "Zeh", "Isgalamido", "Dono da Bola", "Assasinu Credi", "Chessus", "Oootsimo"]
	 kills: {
		"Mal": 0,
		"UnnamedPlayer": 0,
		"Zeh": 0,
		"Isgalamido": 5,
		"Dono da Bola": -2,
		"Assasinu Credi": -3,
		"Chessus": 0,
		"Oootsimo": 4
	}
}
game_12: {
	 total_kills: 160
	 players: ["Mal", "Zeh", "Dono da Bola", "Isgalamido", "Assasinu Credi", "Chessus", "Oootsimo"]
	 kills: {
		"Mal": -6,
		"Zeh": 13,
		"Dono da Bola": 3,
		"Isgalamido": 26,
		"Assasinu Credi": 20,
		"Chessus": 13,
		"Oootsimo": 13
	}
}
game_13: {
	 total_kills: 6
	 players: ["Mal", "Zeh", "Dono da Bola", "Isgalamido", "Assasinu Credi", "Chessus", "Oootsimo"]
	 kills: {
		"Mal": 0,
		"Zeh": 2,
		"Dono da Bola": -1,
		"Isgalamido": -1,
		"Assasinu Credi": 0,
		"Chessus": 0,
		"Oootsimo": 2
	}
}
game_14: {
	 total_kills: 122
	 players: ["Mal", "Zeh", "Dono da Bola", "Isgalamido", "Assasinu Credi", "Chessus", "Oootsimo"]
	 kills: {
		"Mal": -2,
		"Zeh": 5,
		"Dono da Bola": 2,
		"Isgalamido": 22,
		"Assasinu Credi": 7,
		"Chessus": 7,
		"Oootsimo": 9
	}
}
game_15: {
	 total_kills: 3
	 players: ["Zeh", "Fasano Again", "Isgalamido", "Dono da Bola", "Assasinu Credi", "Oootsimo"]
	 kills: {
		"Zeh": -3,
		"Fasano Again": 0,
		"Isgalamido": 0,
		"Dono da Bola": 0,
		"Assasinu Credi": 0,
		"Oootsimo": 0
	}
}
game_16: {
	 total_kills: 0
	 players: ["Zeh", "Isgalamido", "Dono da Bola", "Assasinu Credi", "Oootsimo"]
	 kills: {
		"Zeh": 0,
		"Isgalamido": 0,
		"Dono da Bola": 0,
		"Assasinu Credi": 0,
		"Oootsimo": 0
	}
}
game_17: {
	 total_kills: 13
	 players: ["Mal", "UnnamedPlayer", "Zeh", "Isgalamido", "Dono da Bola", "Assasinu Credi", "Oootsimo"]
	 kills: {
		"Mal": -1,
		"UnnamedPlayer": 0,
		"Zeh": 0,
		"Isgalamido": 0,
		"Dono da Bola": -2,
		"Assasinu Credi": -3,
		"Oootsimo": 1
	}
}
game_18: {
	 total_kills: 7
	 players: ["Mal", "Zeh", "Isgalamido", "Dono da Bola", "Assasinu Credi", "Oootsimo"]
	 kills: {
		"Mal": -1,
		"Zeh": 2,
		"Isgalamido": 1,
		"Dono da Bola": -1,
		"Assasinu Credi": 2,
		"Oootsimo": 0
	}
}
game_19: {
	 total_kills: 95
	 players: ["Mal", "Zeh", "Dono da Bola", "Isgalamido", "Assasinu Credi", "Oootsimo"]
	 kills: {
		"Mal": 2,
		"Zeh": 20,
		"Dono da Bola": 14,
		"Isgalamido": 14,
		"Assasinu Credi": 9,
		"Oootsimo": 10
	}
}
game_20: {
	 total_kills: 3
	 players: ["Mal", "Zeh", "Dono da Bola", "Isgalamido", "Assasinu Credi", "Oootsimo"]
	 kills: {
		"Mal": 0,
		"Zeh": 0,
		"Dono da Bola": 2,
		"Isgalamido": 0,
		"Assasinu Credi": 0,
		"Oootsimo": 1
	}
}
game_21: {
	 total_kills: 131
	 players: ["Mal", "Zeh", "Dono da Bola", "Isgalamido", "Assasinu Credi", "Oootsimo"]
	 kills: {
		"Mal": 6,
		"Zeh": 19,
		"Dono da Bola": 14,
		"Isgalamido": 17,
		"Assasinu Credi": 19,
		"Oootsimo": 22
	}
}
